mode: set
github.com/simskij/otel-signal-lens/internal/config/model.go:39.40,40.25 1 1
github.com/simskij/otel-signal-lens/internal/config/model.go:40.25,41.15 1 1
github.com/simskij/otel-signal-lens/internal/config/model.go:41.15,43.4 1 1
github.com/simskij/otel-signal-lens/internal/config/model.go:45.2,45.13 1 1
github.com/simskij/otel-signal-lens/internal/config/parser.go:30.51,32.51 2 1
github.com/simskij/otel-signal-lens/internal/config/parser.go:32.51,34.3 1 1
github.com/simskij/otel-signal-lens/internal/config/parser.go:36.2,45.46 2 1
github.com/simskij/otel-signal-lens/internal/config/parser.go:45.46,47.17 2 1
github.com/simskij/otel-signal-lens/internal/config/parser.go:47.17,49.4 1 1
github.com/simskij/otel-signal-lens/internal/config/parser.go:50.3,55.4 1 1
github.com/simskij/otel-signal-lens/internal/config/parser.go:58.2,58.17 1 1
github.com/simskij/otel-signal-lens/internal/config/parser.go:61.69,63.27 2 1
github.com/simskij/otel-signal-lens/internal/config/parser.go:63.27,68.38 2 1
github.com/simskij/otel-signal-lens/internal/config/parser.go:68.38,70.4 1 1
github.com/simskij/otel-signal-lens/internal/config/parser.go:71.3,71.24 1 1
github.com/simskij/otel-signal-lens/internal/config/parser.go:73.2,73.19 1 1
github.com/simskij/otel-signal-lens/internal/config/parser.go:78.58,80.25 2 1
github.com/simskij/otel-signal-lens/internal/config/parser.go:80.25,81.15 1 1
github.com/simskij/otel-signal-lens/internal/config/parser.go:81.15,83.9 2 1
github.com/simskij/otel-signal-lens/internal/config/parser.go:87.2,87.14 1 1
github.com/simskij/otel-signal-lens/internal/config/parser.go:88.16,89.27 1 1
github.com/simskij/otel-signal-lens/internal/config/parser.go:90.17,91.28 1 1
github.com/simskij/otel-signal-lens/internal/config/parser.go:92.14,93.25 1 1
github.com/simskij/otel-signal-lens/internal/config/parser.go:94.10,95.68 1 1
github.com/simskij/otel-signal-lens/internal/rules/engine.go:40.39,42.2 1 1
github.com/simskij/otel-signal-lens/internal/rules/engine.go:45.33,66.2 1 1
github.com/simskij/otel-signal-lens/internal/rules/engine.go:69.66,71.28 2 1
github.com/simskij/otel-signal-lens/internal/rules/engine.go:71.28,73.3 1 1
github.com/simskij/otel-signal-lens/internal/rules/engine.go:74.2,74.17 1 1
github.com/simskij/otel-signal-lens/internal/rules/static.go:14.44,14.79 1 1
github.com/simskij/otel-signal-lens/internal/rules/static.go:16.80,18.37 2 1
github.com/simskij/otel-signal-lens/internal/rules/static.go:18.37,19.55 1 1
github.com/simskij/otel-signal-lens/internal/rules/static.go:19.55,20.12 1 1
github.com/simskij/otel-signal-lens/internal/rules/static.go:22.3,37.5 1 1
github.com/simskij/otel-signal-lens/internal/rules/static.go:39.2,39.17 1 1
github.com/simskij/otel-signal-lens/internal/rules/static.go:46.36,46.62 1 1
github.com/simskij/otel-signal-lens/internal/rules/static.go:48.72,50.37 2 1
github.com/simskij/otel-signal-lens/internal/rules/static.go:50.37,51.46 1 1
github.com/simskij/otel-signal-lens/internal/rules/static.go:51.46,52.12 1 1
github.com/simskij/otel-signal-lens/internal/rules/static.go:54.3,68.5 1 1
github.com/simskij/otel-signal-lens/internal/rules/static.go:70.2,70.17 1 1
github.com/simskij/otel-signal-lens/internal/rules/static.go:77.39,77.69 1 1
github.com/simskij/otel-signal-lens/internal/rules/static.go:79.75,86.37 3 1
github.com/simskij/otel-signal-lens/internal/rules/static.go:86.37,87.38 1 1
github.com/simskij/otel-signal-lens/internal/rules/static.go:87.38,88.12 1 1
github.com/simskij/otel-signal-lens/internal/rules/static.go:90.3,91.37 2 1
github.com/simskij/otel-signal-lens/internal/rules/static.go:91.37,93.42 2 1
github.com/simskij/otel-signal-lens/internal/rules/static.go:93.42,94.23 1 1
github.com/simskij/otel-signal-lens/internal/rules/static.go:94.23,96.11 2 1
github.com/simskij/otel-signal-lens/internal/rules/static.go:100.3,100.18 1 1
github.com/simskij/otel-signal-lens/internal/rules/static.go:100.18,101.12 1 1
github.com/simskij/otel-signal-lens/internal/rules/static.go:103.3,116.5 1 1
github.com/simskij/otel-signal-lens/internal/rules/static.go:118.2,118.17 1 1
github.com/simskij/otel-signal-lens/internal/rules/static.go:125.40,125.70 1 1
github.com/simskij/otel-signal-lens/internal/rules/static.go:127.76,132.34 4 1
github.com/simskij/otel-signal-lens/internal/rules/static.go:132.34,133.33 1 1
github.com/simskij/otel-signal-lens/internal/rules/static.go:133.33,135.4 1 1
github.com/simskij/otel-signal-lens/internal/rules/static.go:136.3,136.37 1 1
github.com/simskij/otel-signal-lens/internal/rules/static.go:136.37,138.4 1 1
github.com/simskij/otel-signal-lens/internal/rules/static.go:139.3,139.33 1 1
github.com/simskij/otel-signal-lens/internal/rules/static.go:139.33,141.4 1 1
github.com/simskij/otel-signal-lens/internal/rules/static.go:144.2,146.34 2 1
github.com/simskij/otel-signal-lens/internal/rules/static.go:146.34,147.27 1 1
github.com/simskij/otel-signal-lens/internal/rules/static.go:147.27,149.4 1 1
github.com/simskij/otel-signal-lens/internal/rules/static.go:151.2,151.35 1 1
github.com/simskij/otel-signal-lens/internal/rules/static.go:151.35,152.28 1 1
github.com/simskij/otel-signal-lens/internal/rules/static.go:152.28,154.4 1 1
github.com/simskij/otel-signal-lens/internal/rules/static.go:156.2,156.34 1 1
github.com/simskij/otel-signal-lens/internal/rules/static.go:156.34,157.27 1 1
github.com/simskij/otel-signal-lens/internal/rules/static.go:157.27,159.4 1 1
github.com/simskij/otel-signal-lens/internal/rules/static.go:162.2,162.17 1 1
github.com/simskij/otel-signal-lens/internal/rules/static.go:165.55,177.2 1 1
github.com/simskij/otel-signal-lens/internal/rules/static.go:183.50,183.92 1 1
github.com/simskij/otel-signal-lens/internal/rules/static.go:185.86,187.37 2 1
github.com/simskij/otel-signal-lens/internal/rules/static.go:187.37,188.27 1 1
github.com/simskij/otel-signal-lens/internal/rules/static.go:188.27,189.12 1 1
github.com/simskij/otel-signal-lens/internal/rules/static.go:191.3,191.48 1 1
github.com/simskij/otel-signal-lens/internal/rules/static.go:191.48,192.12 1 1
github.com/simskij/otel-signal-lens/internal/rules/static.go:194.3,213.5 1 1
github.com/simskij/otel-signal-lens/internal/rules/static.go:215.2,215.17 1 1
github.com/simskij/otel-signal-lens/internal/rules/static.go:222.43,222.78 1 1
github.com/simskij/otel-signal-lens/internal/rules/static.go:224.79,228.37 3 1
github.com/simskij/otel-signal-lens/internal/rules/static.go:228.37,229.36 1 1
github.com/simskij/otel-signal-lens/internal/rules/static.go:229.36,230.12 1 1
github.com/simskij/otel-signal-lens/internal/rules/static.go:232.3,233.37 2 1
github.com/simskij/otel-signal-lens/internal/rules/static.go:233.37,235.35 2 1
github.com/simskij/otel-signal-lens/internal/rules/static.go:235.35,236.23 1 1
github.com/simskij/otel-signal-lens/internal/rules/static.go:236.23,238.11 2 1
github.com/simskij/otel-signal-lens/internal/rules/static.go:242.3,242.16 1 1
github.com/simskij/otel-signal-lens/internal/rules/static.go:242.16,243.12 1 1
github.com/simskij/otel-signal-lens/internal/rules/static.go:245.3,261.5 1 1
github.com/simskij/otel-signal-lens/internal/rules/static.go:263.2,263.17 1 1
github.com/simskij/otel-signal-lens/internal/rules/static.go:267.66,268.31 1 1
github.com/simskij/otel-signal-lens/internal/rules/static.go:268.31,269.42 1 1
github.com/simskij/otel-signal-lens/internal/rules/static.go:269.42,271.4 1 1
github.com/simskij/otel-signal-lens/internal/rules/static.go:273.2,273.14 1 1
github.com/simskij/otel-signal-lens/internal/rules/static_extended.go:14.45,14.82 1 1
github.com/simskij/otel-signal-lens/internal/rules/static_extended.go:16.81,18.37 2 1
github.com/simskij/otel-signal-lens/internal/rules/static_extended.go:18.37,19.29 1 1
github.com/simskij/otel-signal-lens/internal/rules/static_extended.go:19.29,20.12 1 1
github.com/simskij/otel-signal-lens/internal/rules/static_extended.go:23.3,24.37 2 1
github.com/simskij/otel-signal-lens/internal/rules/static_extended.go:24.37,25.54 1 1
github.com/simskij/otel-signal-lens/internal/rules/static_extended.go:25.54,27.10 2 1
github.com/simskij/otel-signal-lens/internal/rules/static_extended.go:30.3,30.15 1 1
github.com/simskij/otel-signal-lens/internal/rules/static_extended.go:30.15,31.12 1 1
github.com/simskij/otel-signal-lens/internal/rules/static_extended.go:33.3,47.5 1 1
github.com/simskij/otel-signal-lens/internal/rules/static_extended.go:49.2,49.17 1 1
github.com/simskij/otel-signal-lens/internal/rules/static_extended.go:56.43,56.77 1 1
github.com/simskij/otel-signal-lens/internal/rules/static_extended.go:58.79,64.37 3 1
github.com/simskij/otel-signal-lens/internal/rules/static_extended.go:64.37,67.37 3 1
github.com/simskij/otel-signal-lens/internal/rules/static_extended.go:67.37,69.39 2 1
github.com/simskij/otel-signal-lens/internal/rules/static_extended.go:69.39,71.5 1 1
github.com/simskij/otel-signal-lens/internal/rules/static_extended.go:72.4,72.45 1 1
github.com/simskij/otel-signal-lens/internal/rules/static_extended.go:72.45,74.5 1 1
github.com/simskij/otel-signal-lens/internal/rules/static_extended.go:76.3,76.76 1 1
github.com/simskij/otel-signal-lens/internal/rules/static_extended.go:76.76,77.12 1 1
github.com/simskij/otel-signal-lens/internal/rules/static_extended.go:79.3,93.5 1 1
github.com/simskij/otel-signal-lens/internal/rules/static_extended.go:95.2,95.17 1 1
github.com/simskij/otel-signal-lens/internal/rules/static_extended.go:102.39,102.70 1 1
github.com/simskij/otel-signal-lens/internal/rules/static_extended.go:104.75,106.37 2 1
github.com/simskij/otel-signal-lens/internal/rules/static_extended.go:106.37,107.28 1 1
github.com/simskij/otel-signal-lens/internal/rules/static_extended.go:107.28,108.12 1 1
github.com/simskij/otel-signal-lens/internal/rules/static_extended.go:110.3,111.37 2 1
github.com/simskij/otel-signal-lens/internal/rules/static_extended.go:111.37,112.45 1 1
github.com/simskij/otel-signal-lens/internal/rules/static_extended.go:112.45,114.10 2 1
github.com/simskij/otel-signal-lens/internal/rules/static_extended.go:117.3,117.21 1 1
github.com/simskij/otel-signal-lens/internal/rules/static_extended.go:117.21,118.12 1 0
github.com/simskij/otel-signal-lens/internal/rules/static_extended.go:121.3,121.38 1 1
github.com/simskij/otel-signal-lens/internal/rules/static_extended.go:121.38,122.12 1 1
github.com/simskij/otel-signal-lens/internal/rules/static_extended.go:124.3,135.5 1 1
github.com/simskij/otel-signal-lens/internal/rules/static_extended.go:137.2,137.17 1 1
github.com/simskij/otel-signal-lens/internal/rules/static_extended.go:144.48,144.87 1 1
github.com/simskij/otel-signal-lens/internal/rules/static_extended.go:146.84,148.40 2 1
github.com/simskij/otel-signal-lens/internal/rules/static_extended.go:148.40,150.32 2 1
github.com/simskij/otel-signal-lens/internal/rules/static_extended.go:150.32,151.39 1 1
github.com/simskij/otel-signal-lens/internal/rules/static_extended.go:151.39,165.5 1 1
github.com/simskij/otel-signal-lens/internal/rules/static_extended.go:168.2,168.17 1 1
github.com/simskij/otel-signal-lens/internal/rules/static_extended.go:175.47,175.86 1 1
github.com/simskij/otel-signal-lens/internal/rules/static_extended.go:177.83,180.37 3 1
github.com/simskij/otel-signal-lens/internal/rules/static_extended.go:180.37,181.35 1 1
github.com/simskij/otel-signal-lens/internal/rules/static_extended.go:181.35,182.49 1 1
github.com/simskij/otel-signal-lens/internal/rules/static_extended.go:182.49,195.5 1 1
github.com/simskij/otel-signal-lens/internal/rules/static_extended.go:198.2,198.17 1 1
github.com/simskij/otel-signal-lens/internal/rules/static_extended.go:205.45,205.81 1 1
github.com/simskij/otel-signal-lens/internal/rules/static_extended.go:207.81,208.44 1 1
github.com/simskij/otel-signal-lens/internal/rules/static_extended.go:208.44,209.43 1 1
github.com/simskij/otel-signal-lens/internal/rules/static_extended.go:209.43,223.4 1 1
github.com/simskij/otel-signal-lens/internal/rules/static_extended.go:225.2,225.12 1 1
github.com/simskij/otel-signal-lens/internal/rules/static_extended.go:232.50,232.92 1 1
github.com/simskij/otel-signal-lens/internal/rules/static_extended.go:234.86,236.41 2 1
github.com/simskij/otel-signal-lens/internal/rules/static_extended.go:236.41,237.53 1 1
github.com/simskij/otel-signal-lens/internal/rules/static_extended.go:237.53,238.12 1 1
github.com/simskij/otel-signal-lens/internal/rules/static_extended.go:240.3,242.33 3 1
github.com/simskij/otel-signal-lens/internal/rules/static_extended.go:242.33,243.12 1 1
github.com/simskij/otel-signal-lens/internal/rules/static_extended.go:245.3,259.5 1 1
github.com/simskij/otel-signal-lens/internal/rules/static_extended.go:261.2,261.17 1 1
github.com/simskij/otel-signal-lens/internal/rules/static_extended.go:268.46,268.84 1 1
github.com/simskij/otel-signal-lens/internal/rules/static_extended.go:276.82,278.40 2 1
github.com/simskij/otel-signal-lens/internal/rules/static_extended.go:278.40,279.39 1 1
github.com/simskij/otel-signal-lens/internal/rules/static_extended.go:279.39,280.12 1 1
github.com/simskij/otel-signal-lens/internal/rules/static_extended.go:282.3,282.67 1 1
github.com/simskij/otel-signal-lens/internal/rules/static_extended.go:282.67,283.12 1 1
github.com/simskij/otel-signal-lens/internal/rules/static_extended.go:285.3,299.5 1 1
github.com/simskij/otel-signal-lens/internal/rules/static_extended.go:301.2,301.17 1 1
github.com/simskij/otel-signal-lens/internal/rules/static_extended.go:308.39,308.69 1 1
github.com/simskij/otel-signal-lens/internal/rules/static_extended.go:310.75,312.40 2 1
github.com/simskij/otel-signal-lens/internal/rules/static_extended.go:312.40,313.39 1 1
github.com/simskij/otel-signal-lens/internal/rules/static_extended.go:313.39,314.12 1 1
github.com/simskij/otel-signal-lens/internal/rules/static_extended.go:316.3,316.70 1 1
github.com/simskij/otel-signal-lens/internal/rules/static_extended.go:316.70,317.12 1 1
github.com/simskij/otel-signal-lens/internal/rules/static_extended.go:319.3,333.5 1 1
github.com/simskij/otel-signal-lens/internal/rules/static_extended.go:335.2,335.17 1 1
github.com/simskij/otel-signal-lens/internal/rules/static_extended.go:342.45,342.81 1 1
github.com/simskij/otel-signal-lens/internal/rules/static_extended.go:344.81,346.37 2 1
github.com/simskij/otel-signal-lens/internal/rules/static_extended.go:346.37,347.35 1 1
github.com/simskij/otel-signal-lens/internal/rules/static_extended.go:347.35,348.40 1 1
github.com/simskij/otel-signal-lens/internal/rules/static_extended.go:348.40,361.5 1 1
github.com/simskij/otel-signal-lens/internal/rules/static_extended.go:363.3,363.37 1 1
github.com/simskij/otel-signal-lens/internal/rules/static_extended.go:363.37,364.42 1 1
github.com/simskij/otel-signal-lens/internal/rules/static_extended.go:364.42,377.5 1 1
github.com/simskij/otel-signal-lens/internal/rules/static_extended.go:379.3,379.35 1 1
github.com/simskij/otel-signal-lens/internal/rules/static_extended.go:379.35,380.40 1 1
github.com/simskij/otel-signal-lens/internal/rules/static_extended.go:380.40,393.5 1 1
github.com/simskij/otel-signal-lens/internal/rules/static_extended.go:396.2,396.17 1 1
github.com/simskij/otel-signal-lens/internal/rules/static_extended.go:403.37,403.64 1 1
github.com/simskij/otel-signal-lens/internal/rules/static_extended.go:405.73,407.37 2 1
github.com/simskij/otel-signal-lens/internal/rules/static_extended.go:407.37,408.28 1 1
github.com/simskij/otel-signal-lens/internal/rules/static_extended.go:408.28,421.4 1 1
github.com/simskij/otel-signal-lens/internal/rules/static_extended.go:422.3,422.28 1 1
github.com/simskij/otel-signal-lens/internal/rules/static_extended.go:422.28,435.4 1 1
github.com/simskij/otel-signal-lens/internal/rules/static_extended.go:437.2,437.17 1 1
github.com/simskij/otel-signal-lens/internal/rules/static_extended.go:444.52,444.92 1 1
github.com/simskij/otel-signal-lens/internal/rules/static_extended.go:446.88,449.41 3 1
github.com/simskij/otel-signal-lens/internal/rules/static_extended.go:449.41,450.29 1 1
github.com/simskij/otel-signal-lens/internal/rules/static_extended.go:450.29,451.12 1 1
github.com/simskij/otel-signal-lens/internal/rules/static_extended.go:454.3,454.46 1 1
github.com/simskij/otel-signal-lens/internal/rules/static_extended.go:454.46,455.52 1 1
github.com/simskij/otel-signal-lens/internal/rules/static_extended.go:455.52,456.13 1 1
github.com/simskij/otel-signal-lens/internal/rules/static_extended.go:459.3,471.5 1 1
github.com/simskij/otel-signal-lens/internal/rules/static_extended.go:473.2,473.17 1 1
github.com/simskij/otel-signal-lens/internal/rules/static_extended.go:479.52,481.24 2 1
github.com/simskij/otel-signal-lens/internal/rules/static_extended.go:481.24,482.26 1 1
github.com/simskij/otel-signal-lens/internal/rules/static_extended.go:483.15,484.23 1 1
github.com/simskij/otel-signal-lens/internal/rules/static_extended.go:484.23,486.5 1 1
github.com/simskij/otel-signal-lens/internal/rules/static_extended.go:487.23,488.59 1 1
github.com/simskij/otel-signal-lens/internal/rules/static_extended.go:491.2,491.18 1 1
github.com/simskij/otel-signal-lens/internal/rules/static_extended.go:495.81,497.9 2 1
github.com/simskij/otel-signal-lens/internal/rules/static_extended.go:497.9,499.3 1 1
github.com/simskij/otel-signal-lens/internal/rules/static_extended.go:500.2,501.9 2 1
github.com/simskij/otel-signal-lens/internal/rules/static_extended.go:501.9,503.3 1 0
github.com/simskij/otel-signal-lens/internal/rules/static_extended.go:504.2,505.9 2 1
github.com/simskij/otel-signal-lens/internal/rules/static_extended.go:505.9,507.3 1 0
github.com/simskij/otel-signal-lens/internal/rules/static_extended.go:508.2,509.28 2 1
github.com/simskij/otel-signal-lens/internal/api/handlers.go:23.66,25.49 2 0
github.com/simskij/otel-signal-lens/internal/api/handlers.go:25.49,26.44 1 0
github.com/simskij/otel-signal-lens/internal/api/handlers.go:26.44,28.4 1 0
github.com/simskij/otel-signal-lens/internal/api/handlers.go:31.2,32.16 2 0
github.com/simskij/otel-signal-lens/internal/api/handlers.go:32.16,35.3 2 0
github.com/simskij/otel-signal-lens/internal/api/handlers.go:37.2,38.16 2 0
github.com/simskij/otel-signal-lens/internal/api/handlers.go:38.16,41.3 2 0
github.com/simskij/otel-signal-lens/internal/api/handlers.go:43.2,49.4 3 0
github.com/simskij/otel-signal-lens/internal/api/handlers.go:52.59,54.2 1 0
github.com/simskij/otel-signal-lens/internal/api/handlers.go:56.58,60.2 3 0
github.com/simskij/otel-signal-lens/internal/api/router.go:10.31,17.2 4 0
github.com/simskij/otel-signal-lens/internal/api/router.go:19.53,22.71 2 0
github.com/simskij/otel-signal-lens/internal/api/router.go:22.71,24.55 2 0
github.com/simskij/otel-signal-lens/internal/api/router.go:24.55,28.4 3 0
github.com/simskij/otel-signal-lens/internal/api/router.go:30.3,30.37 1 0
github.com/simskij/otel-signal-lens/internal/api/router.go:30.37,33.4 2 0
github.com/simskij/otel-signal-lens/internal/api/router.go:35.3,35.23 1 0
github.com/simskij/otel-signal-lens/internal/api/router.go:39.51,40.37 1 0
github.com/simskij/otel-signal-lens/internal/api/router.go:40.37,42.3 1 0
github.com/simskij/otel-signal-lens/internal/api/router.go:43.2,43.48 1 0
github.com/simskij/otel-signal-lens/internal/api/router.go:43.48,44.37 1 0
github.com/simskij/otel-signal-lens/internal/api/router.go:44.37,46.4 1 0
github.com/simskij/otel-signal-lens/internal/api/router.go:48.2,48.14 1 0
github.com/simskij/otel-signal-lens/cmd/server/main.go:12.13,14.16 2 0
github.com/simskij/otel-signal-lens/cmd/server/main.go:14.16,16.3 1 0
github.com/simskij/otel-signal-lens/cmd/server/main.go:18.2,21.78 3 0
github.com/simskij/otel-signal-lens/cmd/server/main.go:21.78,23.3 1 0
